{"message":"enter getTableData function","level":"info","timestamp":"2020-10-06T19:47:19.212Z"}
{"message":"exit getTableData function","level":"info","timestamp":"2020-10-06T19:47:19.495Z"}
{"message":"enter getTableData function","level":"info","timestamp":"2020-10-06T20:13:45.515Z"}
{"message":"exit getTableData function","level":"info","timestamp":"2020-10-06T20:13:47.595Z"}
{"message":"enter getTableData function","level":"info","timestamp":"2020-10-06T20:14:21.216Z"}
{"message":"exit getTableData function","level":"info","timestamp":"2020-10-06T20:14:21.315Z"}
{"message":"enter postTableData function","level":"info","timestamp":"2020-10-06T20:15:12.610Z"}
{"message":"exit postTableData function","level":"info","timestamp":"2020-10-06T20:15:12.692Z"}
{"message":"enter getTableData function","level":"info","timestamp":"2020-10-06T20:18:29.737Z"}
{"message":"exit getTableData function","level":"info","timestamp":"2020-10-06T20:18:30.026Z"}
{"message":"enter getTableData function","level":"info","timestamp":"2020-10-06T20:19:11.090Z"}
{"message":"exit getTableData function","level":"info","timestamp":"2020-10-06T20:19:11.138Z"}
{"message":"enter getTableData function","level":"info","timestamp":"2020-10-06T20:19:13.828Z"}
{"message":"exit getTableData function","level":"info","timestamp":"2020-10-06T20:19:13.947Z"}
{"message":"enter getTableData function","level":"info","timestamp":"2020-10-06T20:22:12.350Z"}
{"message":"exit getTableData function","level":"info","timestamp":"2020-10-06T20:22:12.364Z"}
{"message":"enter getTableData function","level":"info","timestamp":"2020-10-06T20:22:28.890Z"}
{"message":"exit getTableData function","level":"info","timestamp":"2020-10-06T20:22:29.169Z"}
{"message":"enter getTableData function","level":"info","timestamp":"2020-10-06T20:22:31.906Z"}
{"message":"exit getTableData function","level":"info","timestamp":"2020-10-06T20:22:31.924Z"}
{"message":"enter getTableData function","level":"info","timestamp":"2020-10-07T16:38:57.286Z"}
{"message":"exit getTableData function","level":"info","timestamp":"2020-10-07T16:38:57.936Z"}
{"message":"enter putTableData function","level":"info","timestamp":"2020-10-07T16:39:08.108Z"}
{"message":"exit putTableData function","level":"info","timestamp":"2020-10-07T16:39:08.199Z"}
{"message":"enter putTableData function","level":"info","timestamp":"2020-10-07T16:39:16.283Z"}
{"message":"exit putTableData function","level":"info","timestamp":"2020-10-07T16:39:16.308Z"}
{"message":"enter getTableData function","level":"info","timestamp":"2020-10-07T16:43:38.439Z"}
{"message":"exit getTableData function","level":"info","timestamp":"2020-10-07T16:43:38.490Z"}
{"message":"enter getTableData function","level":"info","timestamp":"2020-10-07T16:46:41.323Z"}
{"message":"exit getTableData function","level":"info","timestamp":"2020-10-07T16:46:41.442Z"}
{"message":"enter getTableData function","level":"info","timestamp":"2020-10-07T16:47:00.544Z"}
{"message":"exit getTableData function","level":"info","timestamp":"2020-10-07T16:47:00.613Z"}
{"message":"enter getTableData function","level":"info","timestamp":"2020-10-07T17:35:34.674Z"}
{"message":"exit getTableData function","level":"info","timestamp":"2020-10-07T17:35:35.304Z"}
{"message":"enter getTableData function","level":"info","timestamp":"2020-10-07T17:36:38.643Z"}
{"message":"exit getTableData function","level":"info","timestamp":"2020-10-07T17:36:38.729Z"}
{"message":"enter getTableData function","level":"info","timestamp":"2020-10-07T17:37:14.017Z"}
{"message":"exit getTableData function","level":"info","timestamp":"2020-10-07T17:37:14.133Z"}
{"message":"enter getTableData function","level":"info","timestamp":"2020-10-07T17:38:06.879Z"}
{"message":"exit getTableData function","level":"info","timestamp":"2020-10-07T17:38:06.896Z"}
{"message":"enter getTableData function","level":"info","timestamp":"2020-10-07T17:38:12.361Z"}
{"message":"exit getTableData function","level":"info","timestamp":"2020-10-07T17:38:12.502Z"}
{"message":"enter getTableData function","level":"info","timestamp":"2020-10-07T17:38:43.466Z"}
{"message":"exit getTableData function","level":"info","timestamp":"2020-10-07T17:38:43.472Z"}
{"message":"enter getTableData function","level":"info","timestamp":"2020-10-07T17:39:42.070Z"}
{"message":"exit getTableData function","level":"info","timestamp":"2020-10-07T17:39:42.075Z"}
{"message":"enter getTableData function","level":"info","timestamp":"2020-10-07T17:39:48.787Z"}
{"message":"exit getTableData function","level":"info","timestamp":"2020-10-07T17:39:48.820Z"}
{"message":"enter getTableData function","level":"info","timestamp":"2020-10-07T17:41:58.725Z"}
{"message":"exit getTableData function","level":"info","timestamp":"2020-10-07T17:41:58.868Z"}
{"message":"enter getTableData function","level":"info","timestamp":"2020-10-07T17:47:33.265Z"}
{"message":"exit getTableData function","level":"info","timestamp":"2020-10-07T17:47:34.519Z"}
{"message":"enter getTableData function","level":"info","timestamp":"2020-10-07T18:01:10.287Z"}
{"message":"exit getTableData function","level":"info","timestamp":"2020-10-07T18:01:10.595Z"}
{"message":"enter getTableData function","level":"info","timestamp":"2020-10-07T18:44:04.004Z"}
{"message":"exit getTableData function","level":"info","timestamp":"2020-10-07T18:44:04.947Z"}
{"message":"enter getTableData function","level":"info","timestamp":"2020-10-07T18:45:11.262Z"}
{"message":"exit getTableData function","level":"info","timestamp":"2020-10-07T18:45:11.302Z"}
{"message":"enter getTableData function","level":"info","timestamp":"2020-10-07T18:45:22.712Z"}
{"message":"exit getTableData function","level":"info","timestamp":"2020-10-07T18:45:22.727Z"}
{"message":"enter getTableData function","level":"info","timestamp":"2020-10-07T18:45:49.178Z"}
{"message":"exit getTableData function","level":"info","timestamp":"2020-10-07T18:45:49.312Z"}
{"message":"enter getTableData function","level":"info","timestamp":"2020-10-07T19:13:20.353Z"}
{"message":"exit getTableData function","level":"info","timestamp":"2020-10-07T19:13:21.136Z"}
{"message":"enter getTableData function","level":"info","timestamp":"2020-10-08T17:06:45.851Z"}
{"message":"exit getTableData function","level":"info","timestamp":"2020-10-08T17:06:46.993Z"}
{"message":"enter getTableData function","level":"info","timestamp":"2020-10-08T17:32:32.333Z"}
{"message":"exit getTableData function","level":"info","timestamp":"2020-10-08T17:32:33.461Z"}
{"message":"enter getTableData function","level":"info","timestamp":"2020-10-08T17:32:53.384Z"}
{"message":"exit getTableData function","level":"info","timestamp":"2020-10-08T17:32:53.398Z"}
{"message":"enter getTableData function","level":"info","timestamp":"2020-10-08T17:36:50.622Z"}
{"message":"exit getTableData function","level":"info","timestamp":"2020-10-08T17:36:50.631Z"}
{"message":"enter getTableData function","level":"info","timestamp":"2020-10-08T17:37:43.694Z"}
{"message":"exit getTableData function","level":"info","timestamp":"2020-10-08T17:37:43.762Z"}
{"message":"enter getTableData function","level":"info","timestamp":"2020-10-08T17:50:16.623Z"}
{"message":"exit getTableData function","level":"info","timestamp":"2020-10-08T17:50:16.953Z"}
{"message":"enter getTableData function","level":"info","timestamp":"2020-10-08T18:40:20.865Z"}
{"message":"exit getTableData function","level":"info","timestamp":"2020-10-08T18:40:21.689Z"}
{"message":"enter getTableData function","level":"info","timestamp":"2020-10-08T18:41:42.704Z"}
{"message":"exit getTableData function","level":"info","timestamp":"2020-10-08T18:41:42.720Z"}
{"message":"enter getTableData function","level":"info","timestamp":"2020-10-08T18:41:50.581Z"}
{"message":"exit getTableData function","level":"info","timestamp":"2020-10-08T18:41:50.604Z"}
{"message":"enter getTableData function","level":"info","timestamp":"2020-10-08T18:41:52.532Z"}
{"message":"exit getTableData function","level":"info","timestamp":"2020-10-08T18:41:52.537Z"}
{"message":"enter getTableData function","level":"info","timestamp":"2020-10-08T18:41:54.377Z"}
{"message":"exit getTableData function","level":"info","timestamp":"2020-10-08T18:41:54.381Z"}
{"message":"enter getTableData function","level":"info","timestamp":"2020-10-08T18:43:18.301Z"}
{"message":"exit getTableData function","level":"info","timestamp":"2020-10-08T18:43:18.407Z"}
{"message":"enter getTableData function","level":"info","timestamp":"2020-10-08T18:43:24.610Z"}
{"message":"exit getTableData function","level":"info","timestamp":"2020-10-08T18:43:24.614Z"}
{"message":"enter getTableData function","level":"info","timestamp":"2020-10-08T18:56:39.111Z"}
{"message":"exit getTableData function","level":"info","timestamp":"2020-10-08T18:56:39.618Z"}
{"message":"enter getTableData function","level":"info","timestamp":"2020-10-08T18:57:01.444Z"}
{"message":"exit getTableData function","level":"info","timestamp":"2020-10-08T18:57:01.497Z"}
{"message":"enter getTableData function","level":"info","timestamp":"2020-10-08T18:57:41.693Z"}
{"message":"exit getTableData function","level":"info","timestamp":"2020-10-08T18:57:41.851Z"}
{"message":"enter getTableData function","level":"info","timestamp":"2020-10-08T18:58:39.604Z"}
{"message":"exit getTableData function","level":"info","timestamp":"2020-10-08T18:58:39.629Z"}
{"message":"enter getTableData function","level":"info","timestamp":"2020-10-08T19:03:46.884Z"}
{"message":"exit getTableData function","level":"info","timestamp":"2020-10-08T19:03:46.945Z"}
{"message":"enter getTableData function","level":"info","timestamp":"2020-10-08T19:05:15.157Z"}
{"message":"exit getTableData function","level":"info","timestamp":"2020-10-08T19:05:15.207Z"}
{"message":"enter getTableData function","level":"info","timestamp":"2020-10-08T19:11:49.789Z"}
{"message":"exit getTableData function","level":"info","timestamp":"2020-10-08T19:11:50.100Z"}
{"message":"enter getTableData function","level":"info","timestamp":"2020-10-08T19:11:53.750Z"}
{"message":"exit getTableData function","level":"info","timestamp":"2020-10-08T19:11:53.755Z"}
{"message":"enter getTableData function","level":"info","timestamp":"2020-10-08T19:11:58.424Z"}
{"message":"exit getTableData function","level":"info","timestamp":"2020-10-08T19:11:58.502Z"}
{"message":"enter getTableData function","level":"info","timestamp":"2020-10-08T19:12:04.159Z"}
{"message":"exit getTableData function","level":"info","timestamp":"2020-10-08T19:12:04.162Z"}
{"message":"enter getTableData function","level":"info","timestamp":"2020-10-08T19:12:18.129Z"}
{"message":"exit getTableData function","level":"info","timestamp":"2020-10-08T19:12:18.134Z"}
{"message":"enter getTableData function","level":"info","timestamp":"2020-10-08T19:12:52.596Z"}
{"message":"exit getTableData function","level":"info","timestamp":"2020-10-08T19:12:52.810Z"}
{"message":"enter getTableData function","level":"info","timestamp":"2020-10-08T19:16:04.871Z"}
{"message":"exit getTableData function","level":"info","timestamp":"2020-10-08T19:16:05.073Z"}
{"message":"enter getTableData function","level":"info","timestamp":"2020-10-08T19:16:26.004Z"}
{"message":"exit getTableData function","level":"info","timestamp":"2020-10-08T19:16:26.406Z"}
{"message":"enter getTableData function","level":"info","timestamp":"2020-10-08T19:17:15.545Z"}
{"message":"exit getTableData function","level":"info","timestamp":"2020-10-08T19:17:15.555Z"}
{"message":"enter getTableData function","level":"info","timestamp":"2020-10-08T19:17:17.546Z"}
{"message":"exit getTableData function","level":"info","timestamp":"2020-10-08T19:17:17.549Z"}
{"message":"enter getTableData function","level":"info","timestamp":"2020-10-08T19:21:16.918Z"}
{"message":"exit getTableData function","level":"info","timestamp":"2020-10-08T19:21:17.108Z"}
{"message":"enter putTableData function","level":"info","timestamp":"2020-10-08T19:23:17.780Z"}
{"message":"exit putTableData function","level":"info","timestamp":"2020-10-08T19:23:18.327Z"}
{"message":"enter getTableData function","level":"info","timestamp":"2020-10-08T19:25:09.946Z"}
{"message":"exit getTableData function","level":"info","timestamp":"2020-10-08T19:25:09.964Z"}
{"message":"enter getTableData function","level":"info","timestamp":"2020-10-08T19:27:10.718Z"}
{"message":"exit getTableData function","level":"info","timestamp":"2020-10-08T19:27:10.914Z"}
{"message":"enter putTableData function","level":"info","timestamp":"2020-10-08T19:29:11.864Z"}
{"message":"exit putTableData function","level":"info","timestamp":"2020-10-08T19:29:11.994Z"}
{"message":"enter putTableData function","level":"info","timestamp":"2020-10-08T19:29:11.999Z"}
{"message":"exit putTableData function","level":"info","timestamp":"2020-10-08T19:29:12.013Z"}
{"message":"enter putTableData function","level":"info","timestamp":"2020-10-08T19:29:12.019Z"}
{"message":"exit putTableData function","level":"info","timestamp":"2020-10-08T19:29:12.035Z"}
{"message":"enter getTableData function","level":"info","timestamp":"2020-10-08T19:29:45.693Z"}
{"message":"exit getTableData function","level":"info","timestamp":"2020-10-08T19:29:45.752Z"}
{"message":"enter getTableData function","level":"info","timestamp":"2020-10-08T19:31:52.757Z"}
{"message":"exit getTableData function","level":"info","timestamp":"2020-10-08T19:31:52.900Z"}
{"message":"enter getTableData function","level":"info","timestamp":"2020-10-08T19:33:35.474Z"}
{"message":"exit getTableData function","level":"info","timestamp":"2020-10-08T19:33:35.482Z"}
{"message":"enter getTableData function","level":"info","timestamp":"2020-10-08T19:36:42.444Z"}
{"message":"exit getTableData function","level":"info","timestamp":"2020-10-08T19:36:42.514Z"}
{"message":"enter getTableData function","level":"info","timestamp":"2020-10-08T19:38:42.716Z"}
{"message":"exit getTableData function","level":"info","timestamp":"2020-10-08T19:38:43.082Z"}
{"message":"enter getTableData function","level":"info","timestamp":"2020-10-08T19:42:22.779Z"}
{"message":"exit getTableData function","level":"info","timestamp":"2020-10-08T19:42:22.925Z"}
{"message":"enter getTableData function","level":"info","timestamp":"2020-10-08T19:47:30.619Z"}
{"message":"exit getTableData function","level":"info","timestamp":"2020-10-08T19:47:30.708Z"}
{"message":"enter getTableData function","level":"info","timestamp":"2020-10-08T19:53:38.264Z"}
{"message":"exit getTableData function","level":"info","timestamp":"2020-10-08T19:53:38.284Z"}
{"message":"enter getTableData function","level":"info","timestamp":"2020-10-08T19:53:43.388Z"}
{"message":"exit getTableData function","level":"info","timestamp":"2020-10-08T19:53:43.396Z"}
{"message":"enter getTableData function","level":"info","timestamp":"2020-10-08T20:00:57.910Z"}
{"message":"exit getTableData function","level":"info","timestamp":"2020-10-08T20:00:58.613Z"}
{"message":"enter getTableData function","level":"info","timestamp":"2020-10-08T20:03:21.580Z"}
{"message":"exit getTableData function","level":"info","timestamp":"2020-10-08T20:03:21.700Z"}
{"message":"enter putTableData function","level":"info","timestamp":"2020-10-08T20:06:35.098Z"}
{"message":"exit putTableData function","level":"info","timestamp":"2020-10-08T20:06:35.145Z"}
{"message":"enter getTableData function","level":"info","timestamp":"2020-10-08T20:37:28.841Z"}
{"message":"exit getTableData function","level":"info","timestamp":"2020-10-08T20:37:29.620Z"}
{"message":"enter getTableData function","level":"info","timestamp":"2020-10-08T20:37:54.686Z"}
{"message":"exit getTableData function","level":"info","timestamp":"2020-10-08T20:37:54.880Z"}
{"message":"enter getTableData function","level":"info","timestamp":"2020-10-08T20:37:57.185Z"}
{"message":"exit getTableData function","level":"info","timestamp":"2020-10-08T20:37:57.229Z"}
{"message":"enter getTableData function","level":"info","timestamp":"2020-10-08T20:38:28.716Z"}
{"message":"exit getTableData function","level":"info","timestamp":"2020-10-08T20:38:28.877Z"}
{"message":"enter getTableData function","level":"info","timestamp":"2020-10-08T20:38:43.604Z"}
{"message":"exit getTableData function","level":"info","timestamp":"2020-10-08T20:38:43.835Z"}
{"message":"enter getTableData function","level":"info","timestamp":"2020-10-08T20:39:10.267Z"}
{"message":"exit getTableData function","level":"info","timestamp":"2020-10-08T20:39:10.313Z"}
{"message":"enter getTableData function","level":"info","timestamp":"2020-10-09T10:01:54.613Z"}
{"message":"exit getTableData function","level":"info","timestamp":"2020-10-09T10:01:56.061Z"}
{"message":"enter getTableData function","level":"info","timestamp":"2020-10-09T10:05:01.645Z"}
{"message":"exit getTableData function","level":"info","timestamp":"2020-10-09T10:05:01.655Z"}
{"message":"enter getTableData function","level":"info","timestamp":"2020-10-09T10:06:35.030Z"}
{"message":"exit getTableData function","level":"info","timestamp":"2020-10-09T10:06:35.090Z"}
